android/app/build/intermediates/manifest_merge_blame_file/release/manifest-merger-blame-release-report.txt
1<?xml version="1.0" encoding="utf-8"?>
2<manifest xmlns:android="http://schemas.android.com/apk/res/android"
3    package="com.vyapaar"
4    android:versionCode="1"
5    android:versionName="1.0" >
6
7    <uses-sdk
8        android:minSdkVersion="16"
8-->src/main/AndroidManifest.xml
9        android:targetSdkVersion="29" />
9-->src/main/AndroidManifest.xml
10
11    <uses-permission android:name="android.permission.INTERNET" />
11-->src/main/AndroidManifest.xml:4:5-67
11-->src/main/AndroidManifest.xml:4:22-64
12    <uses-permission android:name="android.permission.CAMERA" />
12-->src/main/AndroidManifest.xml:5:5-64
12-->src/main/AndroidManifest.xml:5:22-62
13
14    <queries>
14-->[:react-native-image-crop-picker] AndroidManifest.xml:10:5-14:15
15        <intent>
15-->[:react-native-image-crop-picker] AndroidManifest.xml:11:9-13:18
16            <action android:name="android.media.action.IMAGE_CAPTURE" />
16-->[:react-native-image-crop-picker] AndroidManifest.xml:12:13-73
16-->[:react-native-image-crop-picker] AndroidManifest.xml:12:21-70
17        </intent>
18    </queries>
19
20    <uses-permission android:name="android.permission.WRITE_EXTERNAL_STORAGE" />
20-->[:react-native-image-crop-picker] AndroidManifest.xml:16:5-81
20-->[:react-native-image-crop-picker] AndroidManifest.xml:16:22-78
21
22    <application
22-->src/main/AndroidManifest.xml:7:5-26:19
23        android:name="com.vyapaar.MainApplication"
23-->src/main/AndroidManifest.xml:8:7-38
24        android:allowBackup="false"
24-->src/main/AndroidManifest.xml:12:7-34
25        android:appComponentFactory="androidx.core.app.CoreComponentFactory"
25-->[androidx.core:core:1.1.0] AndroidManifest.xml:24:18-86
26        android:icon="@mipmap/ic_launcher"
26-->src/main/AndroidManifest.xml:10:7-41
27        android:label="@string/app_name"
27-->src/main/AndroidManifest.xml:9:7-39
28        android:roundIcon="@mipmap/ic_launcher_round"
28-->src/main/AndroidManifest.xml:11:7-52
29        android:theme="@style/AppTheme" >
29-->src/main/AndroidManifest.xml:13:7-38
30        <activity
30-->src/main/AndroidManifest.xml:14:7-24:18
31            android:name="com.vyapaar.MainActivity"
31-->src/main/AndroidManifest.xml:15:9-37
32            android:configChanges="keyboard|keyboardHidden|orientation|screenSize|uiMode"
32-->src/main/AndroidManifest.xml:17:9-86
33            android:label="@string/app_name"
33-->src/main/AndroidManifest.xml:16:9-41
34            android:launchMode="singleTask"
34-->src/main/AndroidManifest.xml:18:9-40
35            android:windowSoftInputMode="adjustResize" >
35-->src/main/AndroidManifest.xml:19:9-51
36            <intent-filter>
36-->src/main/AndroidManifest.xml:20:9-23:25
37                <action android:name="android.intent.action.MAIN" />
37-->src/main/AndroidManifest.xml:21:13-65
37-->src/main/AndroidManifest.xml:21:21-62
38
39                <category android:name="android.intent.category.LAUNCHER" />
39-->src/main/AndroidManifest.xml:22:13-73
39-->src/main/AndroidManifest.xml:22:23-70
40            </intent-filter>
41        </activity>
42        <activity android:name="com.facebook.react.devsupport.DevSettingsActivity" />
42-->src/main/AndroidManifest.xml:25:7-84
42-->src/main/AndroidManifest.xml:25:17-81
43
44        <provider
44-->[:react-native-image-crop-picker] AndroidManifest.xml:19:9-27:20
45            android:name="androidx.core.content.FileProvider"
45-->[:react-native-image-crop-picker] AndroidManifest.xml:20:13-62
46            android:authorities="com.vyapaar.provider"
46-->[:react-native-image-crop-picker] AndroidManifest.xml:21:13-60
47            android:exported="false"
47-->[:react-native-image-crop-picker] AndroidManifest.xml:22:13-37
48            android:grantUriPermissions="true" >
48-->[:react-native-image-crop-picker] AndroidManifest.xml:23:13-47
49            <meta-data
49-->[:react-native-image-crop-picker] AndroidManifest.xml:24:13-26:58
50                android:name="android.support.FILE_PROVIDER_PATHS"
50-->[:react-native-image-crop-picker] AndroidManifest.xml:25:17-67
51                android:resource="@xml/provider_paths" />
51-->[:react-native-image-crop-picker] AndroidManifest.xml:26:17-55
52        </provider>
53
54        <activity
54-->[:react-native-image-crop-picker] AndroidManifest.xml:29:9-31:72
55            android:name="com.yalantis.ucrop.UCropActivity"
55-->[:react-native-image-crop-picker] AndroidManifest.xml:30:13-60
56            android:theme="@style/Theme.AppCompat.Light.NoActionBar" />
56-->[:react-native-image-crop-picker] AndroidManifest.xml:31:13-69
57    </application>
58
59</manifest>